2025-11-14 22:16:03,873 INFO o.a.j.u.JMeterUtils: Setting Locale to en_EN
2025-11-14 22:16:03,894 INFO o.a.j.JMeter: Loading user properties from: C:\Users\fernanda.rodrigues\Downloads\apache-jmeter-5.6.3\apache-jmeter-5.6.3\bin\user.properties
2025-11-14 22:16:03,895 INFO o.a.j.JMeter: Loading system properties from: C:\Users\fernanda.rodrigues\Downloads\apache-jmeter-5.6.3\apache-jmeter-5.6.3\bin\system.properties
2025-11-14 22:16:03,903 INFO o.a.j.JMeter: Copyright (c) 1998-2024 The Apache Software Foundation
2025-11-14 22:16:03,903 INFO o.a.j.JMeter: Version 5.6.3
2025-11-14 22:16:03,903 INFO o.a.j.JMeter: java.version=25.0.1
2025-11-14 22:16:03,903 INFO o.a.j.JMeter: java.vm.name=Java HotSpot(TM) 64-Bit Server VM
2025-11-14 22:16:03,903 INFO o.a.j.JMeter: os.name=Windows 11
2025-11-14 22:16:03,903 INFO o.a.j.JMeter: os.arch=amd64
2025-11-14 22:16:03,903 INFO o.a.j.JMeter: os.version=10.0
2025-11-14 22:16:03,903 INFO o.a.j.JMeter: file.encoding=UTF-8
2025-11-14 22:16:03,904 INFO o.a.j.JMeter: java.awt.headless=true
2025-11-14 22:16:03,904 INFO o.a.j.JMeter: Max memory     =1073741824
2025-11-14 22:16:03,904 INFO o.a.j.JMeter: Available Processors =8
2025-11-14 22:16:03,924 INFO o.a.j.JMeter: Default Locale=English (EN)
2025-11-14 22:16:03,925 INFO o.a.j.JMeter: JMeter  Locale=English (EN)
2025-11-14 22:16:03,925 INFO o.a.j.JMeter: JMeterHome=C:\Users\fernanda.rodrigues\Downloads\apache-jmeter-5.6.3\apache-jmeter-5.6.3
2025-11-14 22:16:03,925 INFO o.a.j.JMeter: user.dir  =C:\Users\fernanda.rodrigues\OneDrive - DB1 Group\Documentos\PÓS\09 - Automação de Testes de Performance\ppp-turma2
2025-11-14 22:16:03,926 INFO o.a.j.JMeter: PWD       =C:\Users\fernanda.rodrigues\OneDrive - DB1 Group\Documentos\PÓS\09 - Automação de Testes de Performance\ppp-turma2
2025-11-14 22:16:03,928 INFO o.a.j.JMeter: IP: 192.168.0.68 Name: DB1G2158 FullName: DB1G2158.db1.com.br
2025-11-14 22:16:03,943 INFO o.a.j.s.FileServer: Default base='C:\Users\fernanda.rodrigues\OneDrive - DB1 Group\Documentos\PÓS\09 - Automação de Testes de Performance\ppp-turma2'
2025-11-14 22:16:03,943 INFO o.a.j.s.FileServer: Set new base='C:\Users\fernanda.rodrigues\OneDrive - DB1 Group\Documentos\PÓS\09 - Automação de Testes de Performance\ppp-turma2\tests\jmeter'
2025-11-14 22:16:04,246 INFO o.a.j.s.SaveService: Testplan (JMX) version: 2.2. Testlog (JTL) version: 2.2
2025-11-14 22:16:04,268 INFO o.a.j.s.SaveService: Using SaveService properties version 5.0
2025-11-14 22:16:04,270 INFO o.a.j.s.SaveService: Using SaveService properties file encoding UTF-8
2025-11-14 22:16:04,273 INFO o.a.j.s.SaveService: Loading file: tests\jmeter\Teste de Performance de Fluxo de Instrutores.jmx
2025-11-14 22:16:04,325 INFO o.a.j.p.h.s.HTTPSamplerBase: Parser for text/html is org.apache.jmeter.protocol.http.parser.LagartoBasedHtmlParser
2025-11-14 22:16:04,326 INFO o.a.j.p.h.s.HTTPSamplerBase: Parser for application/xhtml+xml is org.apache.jmeter.protocol.http.parser.LagartoBasedHtmlParser
2025-11-14 22:16:04,326 INFO o.a.j.p.h.s.HTTPSamplerBase: Parser for application/xml is org.apache.jmeter.protocol.http.parser.LagartoBasedHtmlParser
2025-11-14 22:16:04,326 INFO o.a.j.p.h.s.HTTPSamplerBase: Parser for text/xml is org.apache.jmeter.protocol.http.parser.LagartoBasedHtmlParser
2025-11-14 22:16:04,326 INFO o.a.j.p.h.s.HTTPSamplerBase: Parser for text/vnd.wap.wml is org.apache.jmeter.protocol.http.parser.RegexpHTMLParser
2025-11-14 22:16:04,326 INFO o.a.j.p.h.s.HTTPSamplerBase: Parser for text/css is org.apache.jmeter.protocol.http.parser.CssParser
2025-11-14 22:16:04,373 INFO o.a.j.JMeter: Creating summariser <summary>
2025-11-14 22:16:04,384 INFO o.a.j.e.StandardJMeterEngine: Running the test!
2025-11-14 22:16:04,385 INFO o.a.j.s.SampleEvent: List of sample_variables: []
2025-11-14 22:16:04,385 INFO o.a.j.s.SampleEvent: List of sample_variables: []
2025-11-14 22:16:04,390 INFO o.a.j.e.u.CompoundVariable: Note: Function class names must contain the string: '.functions.'
2025-11-14 22:16:04,390 INFO o.a.j.e.u.CompoundVariable: Note: Function class names must not contain the string: '.gui.'
2025-11-14 22:16:04,446 INFO o.a.j.r.ClassFinder: Will scan jar C:\Users\fernanda.rodrigues\Downloads\apache-jmeter-5.6.3\apache-jmeter-5.6.3\lib\ext\jmeter-plugins-manager-1.11.jar with filter ExtendsClassFilter [parents=[interface org.apache.jmeter.functions.Function], inner=false, contains=null, notContains=null]. Consider exposing JMeter plugins via META-INF/services, and add JMeter-Skip-Class-Scanning=true manifest attribute so JMeter can skip classfile scanning
2025-11-14 22:16:04,516 INFO o.a.j.r.ClassFinder: Will scan jar C:\Users\fernanda.rodrigues\Downloads\apache-jmeter-5.6.3\apache-jmeter-5.6.3\lib\ext\jmeter-plugins-graphs-basic-2.0.jar with filter ExtendsClassFilter [parents=[interface org.apache.jmeter.functions.Function], inner=false, contains=null, notContains=null]. Consider exposing JMeter plugins via META-INF/services, and add JMeter-Skip-Class-Scanning=true manifest attribute so JMeter can skip classfile scanning
2025-11-14 22:16:04,518 INFO o.a.j.r.ClassFinder: Will scan jar C:\Users\fernanda.rodrigues\Downloads\apache-jmeter-5.6.3\apache-jmeter-5.6.3\lib\ext\jmeter-plugins-graphs-composite-2.0.jar with filter ExtendsClassFilter [parents=[interface org.apache.jmeter.functions.Function], inner=false, contains=null, notContains=null]. Consider exposing JMeter plugins via META-INF/services, and add JMeter-Skip-Class-Scanning=true manifest attribute so JMeter can skip classfile scanning
2025-11-14 22:16:04,528 INFO o.a.j.JMeter: Running test (1763169364528)
2025-11-14 22:16:04,542 INFO o.a.j.e.StandardJMeterEngine: Starting ThreadGroup: 1 : Registrando usuários como estudantes
2025-11-14 22:16:04,543 INFO o.a.j.e.StandardJMeterEngine: Starting 1 threads for group Registrando usuários como estudantes.
2025-11-14 22:16:04,543 INFO o.a.j.e.StandardJMeterEngine: Thread will continue on error
2025-11-14 22:16:04,543 INFO o.a.j.t.ThreadGroup: Starting thread group... number=1 threads=1 ramp-up=1 delayedStart=false
2025-11-14 22:16:04,546 INFO o.a.j.t.ThreadGroup: Started thread group number 1
2025-11-14 22:16:04,546 INFO o.a.j.e.StandardJMeterEngine: All thread groups have been started
2025-11-14 22:16:04,579 INFO o.a.j.t.JMeterThread: Thread started: Registrando usuários como estudantes 1-1
2025-11-14 22:16:04,580 INFO o.a.j.s.FileServer: Stored: C:/Users/fernanda.rodrigues/OneDrive - DB1 Group/Documentos/PÓS/09 - Automação de Testes de Performance/ppp-turma2/tests/jmeter/test-data/students.csv Alias: C:/Users/fernanda.rodrigues/OneDrive - DB1 Group/Documentos/PÓS/09 - Automação de Testes de Performance/ppp-turma2/tests/jmeter/test-data/students.csv@1498016680
2025-11-14 22:16:04,605 INFO o.a.j.p.h.s.HTTPHCAbstractImpl: Local host = DB1G2158
2025-11-14 22:16:04,609 INFO o.a.j.p.h.s.HTTPHC4Impl: HTTP request retry count = 0
2025-11-14 22:16:04,610 INFO o.a.j.s.SampleResult: Note: Sample TimeStamps are START times
2025-11-14 22:16:04,610 INFO o.a.j.s.SampleResult: sampleresult.default.encoding is set to UTF-8
2025-11-14 22:16:04,610 INFO o.a.j.s.SampleResult: sampleresult.useNanoTime=true
2025-11-14 22:16:04,610 INFO o.a.j.s.SampleResult: sampleresult.nanoThreadSleep=5000
2025-11-14 22:16:04,740 INFO o.a.j.r.Summariser: summary +      1 in 00:00:00 =    4.7/s Avg:    59 Min:    59 Max:    59 Err:     0 (0.00%) Active: 1 Started: 1 Finished: 0
2025-11-14 22:16:04,747 INFO o.a.j.t.JMeterThread: Thread is done: Registrando usuários como estudantes 1-1
2025-11-14 22:16:04,747 INFO o.a.j.t.JMeterThread: Thread finished: Registrando usuários como estudantes 1-1
2025-11-14 22:16:04,748 INFO o.a.j.e.StandardJMeterEngine: Notifying test listeners of end of test
2025-11-14 22:16:04,748 INFO o.a.j.s.FileServer: Close: C:/Users/fernanda.rodrigues/OneDrive - DB1 Group/Documentos/PÓS/09 - Automação de Testes de Performance/ppp-turma2/tests/jmeter/test-data/students.csv@1498016680
2025-11-14 22:16:04,750 INFO o.a.j.r.Summariser: summary +      1 in 00:00:00 =   90.9/s Avg:     5 Min:     5 Max:     5 Err:     0 (0.00%) Active: 0 Started: 1 Finished: 1
2025-11-14 22:16:04,751 INFO o.a.j.r.Summariser: summary =      2 in 00:00:00 =    8.9/s Avg:    32 Min:     5 Max:    59 Err:     0 (0.00%)
